Traceback (most recent call last):
  File "/home/spr/Documentos/Docencia/teabook/teabook/lib64/python3.9/site-packages/jupyter_cache/executors/utils.py", line 51, in single_nb_execution
    executenb(
  File "/home/spr/Documentos/Docencia/teabook/teabook/lib64/python3.9/site-packages/nbclient/client.py", line 1087, in execute
    return NotebookClient(nb=nb, resources=resources, km=km, **kwargs).execute()
  File "/home/spr/Documentos/Docencia/teabook/teabook/lib64/python3.9/site-packages/nbclient/util.py", line 74, in wrapped
    return just_run(coro(*args, **kwargs))
  File "/home/spr/Documentos/Docencia/teabook/teabook/lib64/python3.9/site-packages/nbclient/util.py", line 53, in just_run
    return loop.run_until_complete(coro)
  File "/usr/lib64/python3.9/asyncio/base_events.py", line 642, in run_until_complete
    return future.result()
  File "/home/spr/Documentos/Docencia/teabook/teabook/lib64/python3.9/site-packages/nbclient/client.py", line 540, in async_execute
    await self.async_execute_cell(
  File "/home/spr/Documentos/Docencia/teabook/teabook/lib64/python3.9/site-packages/nbclient/client.py", line 832, in async_execute_cell
    self._check_raise_for_error(cell, exec_reply)
  File "/home/spr/Documentos/Docencia/teabook/teabook/lib64/python3.9/site-packages/nbclient/client.py", line 740, in _check_raise_for_error
    raise CellExecutionError.from_cell_and_msg(cell, exec_reply['content'])
nbclient.exceptions.CellExecutionError: An error occurred while executing the following cell:
------------------
# The astroalign package should be installed. 
# https://github.com/toros-astro/astroalign
# https://astroalign.readthedocs.io/en/latest/installation.html
import astroalign as aa 

from astropy.io import fits
from astropy.io.fits import update
import numpy as np
import matplotlib.pyplot as plt
%matplotlib inline
------------------

[0;31m---------------------------------------------------------------------------[0m
[0;31mModuleNotFoundError[0m                       Traceback (most recent call last)
[0;32m<ipython-input-1-3cde43adbfda>[0m in [0;36m<module>[0;34m[0m
[1;32m      2[0m [0;31m# https://github.com/toros-astro/astroalign[0m[0;34m[0m[0;34m[0m[0;34m[0m[0m
[1;32m      3[0m [0;31m# https://astroalign.readthedocs.io/en/latest/installation.html[0m[0;34m[0m[0;34m[0m[0;34m[0m[0m
[0;32m----> 4[0;31m [0;32mimport[0m [0mastroalign[0m [0;32mas[0m [0maa[0m[0;34m[0m[0;34m[0m[0m
[0m[1;32m      5[0m [0;34m[0m[0m
[1;32m      6[0m [0;32mfrom[0m [0mastropy[0m[0;34m.[0m[0mio[0m [0;32mimport[0m [0mfits[0m[0;34m[0m[0;34m[0m[0m

[0;31mModuleNotFoundError[0m: No module named 'astroalign'
ModuleNotFoundError: No module named 'astroalign'

